<?xml version="1.0" encoding="UTF-8"?>
<!-- Generated by org.testng.reporters.JUnitXMLReporter -->
<testsuite ignored="0" hostname="Smarts-MacBook-Pro.local" failures="1" tests="1" name="Default test" time="1.149" errors="0" timestamp="2026-06-15T13:06:25 IST">
  <testcase classname="io.cucumber.testng.AbstractTestNGCucumberTests" name="runScenario" time="0.133">
    <failure type="io.cucumber.testng.UndefinedStepException" message="The step &amp;apos;I landed on Ecommerce Page&amp;apos; and 1 other step(s) are undefined.
You can implement these steps using the snippet(s) below:

@Given(&amp;quot;I landed on Ecommerce Page&amp;quot;)
public void i_landed_on_ecommerce_page() {
    // Write code here that turns the phrase above into concrete actions
    throw new io.cucumber.java.PendingException();
}
@When(&amp;quot;I add product IPHONE {int} Pro to cart&amp;quot;)
public void i_add_product_iphone_pro_to_cart(Integer int1) {
    // Write code here that turns the phrase above into concrete actions
    throw new io.cucumber.java.PendingException();
}
">
      <![CDATA[io.cucumber.testng.UndefinedStepException: The step 'I landed on Ecommerce Page' and 1 other step(s) are undefined.
You can implement these steps using the snippet(s) below:

@Given("I landed on Ecommerce Page")
public void i_landed_on_ecommerce_page() {
    // Write code here that turns the phrase above into concrete actions
    throw new io.cucumber.java.PendingException();
}
@When("I add product IPHONE {int} Pro to cart")
public void i_add_product_iphone_pro_to_cart(Integer int1) {
    // Write code here that turns the phrase above into concrete actions
    throw new io.cucumber.java.PendingException();
}

at ✽.I landed on Ecommerce Page(file:///Users/user/eclipse-workspace/Framework/src/test/java/cucumber/SubmitOrder.feature:5)
]]>
    </failure>
  </testcase> <!-- runScenario -->
</testsuite> <!-- Default test -->
