<?xml version="1.0" encoding="UTF-8"?>
<!-- Generated by org.testng.reporters.JUnitXMLReporter -->
<testsuite ignored="0" hostname="Smarts-MacBook-Pro.local" failures="0" tests="2" name="Error Validation Test" time="41.364" errors="0" timestamp="2026-06-17T12:40:01 IST">
  <testcase classname="SeleniumFrameworkDesign.tests.ErrorValidation" name="LoginErrorValidation" time="0.568"/>
  <testcase classname="SeleniumFrameworkDesign.tests.ErrorValidation" name="productErrorValidation" time="22.679"/>
</testsuite> <!-- Error Validation Test -->
