<?xml version="1.0" encoding="UTF-8"?>
<!-- Generated by org.testng.reporters.JUnitXMLReporter -->
<testsuite ignored="0" hostname="Smarts-MacBook-Pro.local" failures="0" tests="3" name="Submit Order Test" time="42.645" errors="0" timestamp="2026-06-17T12:40:02 IST">
  <testcase classname="SeleniumFrameworkDesign.tests.SubmitOrderTest" name="submitOrder" time="13.994"/>
  <testcase classname="SeleniumFrameworkDesign.tests.SubmitOrderTest" name="submitOrder" time="13.537"/>
  <testcase classname="SeleniumFrameworkDesign.tests.SubmitOrderTest" name="OrderHistoryTest" time="0.755"/>
</testsuite> <!-- Submit Order Test -->
