<?xml version="1.0" encoding="UTF-8"?>
<!-- Generated by org.testng.reporters.JUnitXMLReporter -->
<testsuite ignored="2" hostname="Smarts-MacBook-Pro.local" failures="0" tests="0" time="0.015" errors="0" timestamp="2026-06-13T12:44:13 IST">
  <testcase classname="SeleniumFrameworkDesign.tests.SubmitOrderTest" name="OrderHistoryTest" time="0.0">
    <ignored/>
  </testcase> <!-- OrderHistoryTest -->
  <testcase classname="SeleniumFrameworkDesign.tests.SubmitOrderTest" name="submitOrder" time="0.0">
    <ignored/>
  </testcase> <!-- submitOrder -->
</testsuite>
