<?xml version="1.0" encoding="UTF-8"?>
<testng-results ignored="0" total="5" passed="5" failed="0" skipped="0">
  <reporter-output>
  </reporter-output>
  <suite started-at="2026-06-17T12:39:20 IST" name="Suite" finished-at="2026-06-17T12:40:02 IST" duration-ms="42645">
    <groups>
      <group name="ErrorHandling">
        <method signature="ErrorValidation.LoginErrorValidation()[pri:0, instance:SeleniumFrameworkDesign.tests.ErrorValidation@6950ed69]" name="LoginErrorValidation" class="SeleniumFrameworkDesign.tests.ErrorValidation"/>
      </group> <!-- ErrorHandling -->
      <group name="purchaseOrder">
        <method signature="SubmitOrderTest.submitOrder(java.util.HashMap)[pri:0, instance:SeleniumFrameworkDesign.tests.SubmitOrderTest@36804139]" name="submitOrder" class="SeleniumFrameworkDesign.tests.SubmitOrderTest"/>
      </group> <!-- purchaseOrder -->
    </groups>
    <test started-at="2026-06-17T12:39:20 IST" name="Error Validation Test" finished-at="2026-06-17T12:40:01 IST" duration-ms="41364">
      <class name="SeleniumFrameworkDesign.tests.ErrorValidation">
        <test-method is-config="true" signature="launchApplication()[pri:0, instance:SeleniumFrameworkDesign.tests.ErrorValidation@6950ed69]" started-at="2026-06-17T12:39:20 IST" name="launchApplication" finished-at="2026-06-17T12:39:26 IST" duration-ms="6333" status="PASS">
          <reporter-output>
          </reporter-output>
        </test-method> <!-- launchApplication -->
        <test-method signature="LoginErrorValidation()[pri:0, instance:SeleniumFrameworkDesign.tests.ErrorValidation@6950ed69]" started-at="2026-06-17T12:39:26 IST" name="LoginErrorValidation" finished-at="2026-06-17T12:39:27 IST" duration-ms="568" status="PASS">
          <reporter-output>
          </reporter-output>
        </test-method> <!-- LoginErrorValidation -->
        <test-method is-config="true" signature="tearDown()[pri:0, instance:SeleniumFrameworkDesign.tests.ErrorValidation@6950ed69]" started-at="2026-06-17T12:39:27 IST" name="tearDown" finished-at="2026-06-17T12:39:27 IST" duration-ms="186" status="PASS">
          <reporter-output>
          </reporter-output>
        </test-method> <!-- tearDown -->
        <test-method is-config="true" signature="launchApplication()[pri:0, instance:SeleniumFrameworkDesign.tests.ErrorValidation@6950ed69]" started-at="2026-06-17T12:39:27 IST" name="launchApplication" finished-at="2026-06-17T12:39:29 IST" duration-ms="2605" status="PASS">
          <reporter-output>
          </reporter-output>
        </test-method> <!-- launchApplication -->
        <test-method signature="productErrorValidation()[pri:0, instance:SeleniumFrameworkDesign.tests.ErrorValidation@6950ed69]" started-at="2026-06-17T12:39:29 IST" name="productErrorValidation" finished-at="2026-06-17T12:39:52 IST" duration-ms="22679" status="PASS">
          <reporter-output>
          </reporter-output>
        </test-method> <!-- productErrorValidation -->
        <test-method is-config="true" signature="tearDown()[pri:0, instance:SeleniumFrameworkDesign.tests.ErrorValidation@6950ed69]" started-at="2026-06-17T12:39:52 IST" name="tearDown" finished-at="2026-06-17T12:40:01 IST" duration-ms="8942" status="PASS">
          <reporter-output>
          </reporter-output>
        </test-method> <!-- tearDown -->
      </class> <!-- SeleniumFrameworkDesign.tests.ErrorValidation -->
    </test> <!-- Error Validation Test -->
    <test started-at="2026-06-17T12:39:20 IST" name="Submit Order Test" finished-at="2026-06-17T12:40:02 IST" duration-ms="42645">
      <class name="SeleniumFrameworkDesign.tests.SubmitOrderTest">
        <test-method is-config="true" signature="launchApplication()[pri:0, instance:SeleniumFrameworkDesign.tests.SubmitOrderTest@36804139]" started-at="2026-06-17T12:39:20 IST" name="launchApplication" finished-at="2026-06-17T12:39:26 IST" duration-ms="6419" status="PASS">
          <reporter-output>
          </reporter-output>
        </test-method> <!-- launchApplication -->
        <test-method signature="submitOrder(java.util.HashMap)[pri:0, instance:SeleniumFrameworkDesign.tests.SubmitOrderTest@36804139]" started-at="2026-06-17T12:39:26 IST" name="submitOrder" data-provider="getData" finished-at="2026-06-17T12:39:40 IST" duration-ms="13994" status="PASS">
          <params>
            <param index="0">
              <value>
                <![CDATA[{password=Nidhi@21, product=IPHONE 13 PRO, email=nidhi21@yopmail.com}]]>
              </value>
            </param>
          </params>
          <reporter-output>
          </reporter-output>
        </test-method> <!-- submitOrder -->
        <test-method is-config="true" signature="tearDown()[pri:0, instance:SeleniumFrameworkDesign.tests.SubmitOrderTest@36804139]" started-at="2026-06-17T12:39:40 IST" name="tearDown" finished-at="2026-06-17T12:39:41 IST" duration-ms="283" status="PASS">
          <reporter-output>
          </reporter-output>
        </test-method> <!-- tearDown -->
        <test-method is-config="true" signature="launchApplication()[pri:0, instance:SeleniumFrameworkDesign.tests.SubmitOrderTest@36804139]" started-at="2026-06-17T12:39:41 IST" name="launchApplication" finished-at="2026-06-17T12:39:45 IST" duration-ms="3822" status="PASS">
          <reporter-output>
          </reporter-output>
        </test-method> <!-- launchApplication -->
        <test-method signature="submitOrder(java.util.HashMap)[pri:0, instance:SeleniumFrameworkDesign.tests.SubmitOrderTest@36804139]" started-at="2026-06-17T12:39:45 IST" name="submitOrder" data-provider="getData" finished-at="2026-06-17T12:39:58 IST" duration-ms="13537" status="PASS">
          <params>
            <param index="0">
              <value>
                <![CDATA[{password=Nidhi@21, product=ZARA COAT 3, email=nidhi12@yopmail.com}]]>
              </value>
            </param>
          </params>
          <reporter-output>
          </reporter-output>
        </test-method> <!-- submitOrder -->
        <test-method is-config="true" signature="tearDown()[pri:0, instance:SeleniumFrameworkDesign.tests.SubmitOrderTest@36804139]" started-at="2026-06-17T12:39:58 IST" name="tearDown" finished-at="2026-06-17T12:39:58 IST" duration-ms="203" status="PASS">
          <reporter-output>
          </reporter-output>
        </test-method> <!-- tearDown -->
        <test-method is-config="true" signature="launchApplication()[pri:0, instance:SeleniumFrameworkDesign.tests.SubmitOrderTest@36804139]" started-at="2026-06-17T12:39:58 IST" name="launchApplication" finished-at="2026-06-17T12:40:02 IST" duration-ms="3254" status="PASS">
          <reporter-output>
          </reporter-output>
        </test-method> <!-- launchApplication -->
        <test-method signature="OrderHistoryTest()[pri:0, instance:SeleniumFrameworkDesign.tests.SubmitOrderTest@36804139]" started-at="2026-06-17T12:40:02 IST" name="OrderHistoryTest" finished-at="2026-06-17T12:40:02 IST" depends-on-methods="SeleniumFrameworkDesign.tests.SubmitOrderTest.submitOrder" duration-ms="755" status="PASS">
          <reporter-output>
          </reporter-output>
        </test-method> <!-- OrderHistoryTest -->
        <test-method is-config="true" signature="tearDown()[pri:0, instance:SeleniumFrameworkDesign.tests.SubmitOrderTest@36804139]" started-at="2026-06-17T12:40:02 IST" name="tearDown" finished-at="2026-06-17T12:40:02 IST" duration-ms="119" status="PASS">
          <reporter-output>
          </reporter-output>
        </test-method> <!-- tearDown -->
      </class> <!-- SeleniumFrameworkDesign.tests.SubmitOrderTest -->
    </test> <!-- Submit Order Test -->
  </suite> <!-- Suite -->
</testng-results>
