<?xml version="1.0" encoding="UTF-8"?>
<!-- Generated by org.testng.reporters.JUnitReportReporter -->
<testsuite hostname="Smarts-MacBook-Pro.local" failures="0" tests="1" name="Cucumber.TestNGTestRunner" time="0.133" errors="1" timestamp="2026-06-15T13:06:25 IST" skipped="0">
  <testcase classname="Cucumber.TestNGTestRunner" name="runScenario" time="0.133">
    <error message="The step &#039;I landed on Ecommerce Page&#039; and 1 other step(s) are undefined.
You can implement these steps using the snippet(s) below:

@Given(&quot;I landed on Ecommerce Page&quot;)
public void i_landed_on_ecommerce_page() {
    // Write code here that turns the phrase above into concrete actions
    throw new io.cucumber.java.PendingException();
}
@When(&quot;I add product IPHONE {int} Pro to cart&quot;)
public void i_add_product_iphone_pro_to_cart(Integer int1) {
    // Write code here that turns the phrase above into concrete actions
    throw new io.cucumber.java.PendingException();
}
" type="io.cucumber.testng.UndefinedStepException">
      <![CDATA[io.cucumber.testng.UndefinedStepException: The step 'I landed on Ecommerce Page' and 1 other step(s) are undefined.
You can implement these steps using the snippet(s) below:

@Given("I landed on Ecommerce Page")
public void i_landed_on_ecommerce_page() {
    // Write code here that turns the phrase above into concrete actions
    throw new io.cucumber.java.PendingException();
}
@When("I add product IPHONE {int} Pro to cart")
public void i_add_product_iphone_pro_to_cart(Integer int1) {
    // Write code here that turns the phrase above into concrete actions
    throw new io.cucumber.java.PendingException();
}

at ✽.I landed on Ecommerce Page(file:///Users/user/eclipse-workspace/Framework/src/test/java/cucumber/SubmitOrder.feature:5)
]]>
    </error>
  </testcase> <!-- runScenario -->
</testsuite> <!-- Cucumber.TestNGTestRunner -->
