<?xml version="1.0" encoding="UTF-8"?>
<!-- Generated by org.testng.reporters.JUnitReportReporter -->
<testsuite hostname="Smarts-MacBook-Pro.local" failures="0" tests="3" name="SeleniumFrameworkDesign.tests.SubmitOrderTest" time="42.386" errors="0" timestamp="2026-06-17T12:40:02 IST" skipped="0">
  <testcase classname="SeleniumFrameworkDesign.tests.SubmitOrderTest" name="submitOrder" time="17.935"/>
  <testcase classname="SeleniumFrameworkDesign.tests.SubmitOrderTest" name="OrderHistoryTest" time="7.377"/>
  <testcase classname="SeleniumFrameworkDesign.tests.SubmitOrderTest" name="submitOrder" time="17.074"/>
</testsuite> <!-- SeleniumFrameworkDesign.tests.SubmitOrderTest -->
