<?xml version="1.0" encoding="UTF-8"?>
<!-- Generated by org.testng.reporters.JUnitReportReporter -->
<testsuite hostname="Smarts-MacBook-Pro.local" failures="0" tests="2" name="SeleniumFrameworkDesign.tests.ErrorValidation" time="41.313" errors="0" timestamp="2026-06-17T12:40:02 IST" skipped="0">
  <testcase classname="SeleniumFrameworkDesign.tests.ErrorValidation" name="LoginErrorValidation" time="12.115"/>
  <testcase classname="SeleniumFrameworkDesign.tests.ErrorValidation" name="productErrorValidation" time="29.198"/>
</testsuite> <!-- SeleniumFrameworkDesign.tests.ErrorValidation -->
