<?xml version="1.0" encoding="UTF-8"?>
<!-- Generated by org.testng.reporters.JUnitReportReporter -->
<testsuite hostname="Smarts-MacBook-Pro.local" failures="0" tests="2" name="SeleniumFrameworkDesign.tests.SubmitOrderTest" time="38.074" errors="0" timestamp="2026-06-13T12:44:01 IST" skipped="0">
  <testcase classname="SeleniumFrameworkDesign.tests.SubmitOrderTest" name="submitOrder" time="17.789"/>
  <testcase classname="SeleniumFrameworkDesign.tests.SubmitOrderTest" name="submitOrder" time="20.285"/>
</testsuite> <!-- SeleniumFrameworkDesign.tests.SubmitOrderTest -->
